Server running on port 5007

Compiled

3XqiS5o7utd8j9epcg9Hzgx5qL9a1g7XfVNFxZh9NUHUJb1XCSan2KtuqRA7EqdnMww3HMbg6FWoFRf1g64ytciR
deploy

Transaction confirmed with signature
NanoScript account created and script uploaded successfully
SyntaxError: Unexpected token c in JSON at position 0
    at JSON.parse (<anonymous>)
    at createStrictSyntaxError (/root/rayen/grant_solana/demo/node_modules/body-parser/lib/types/json.js:160:10)
    at parse (/root/rayen/grant_solana/demo/node_modules/body-parser/lib/types/json.js:83:15)
    at /root/rayen/grant_solana/demo/node_modules/body-parser/lib/read.js:128:18
    at AsyncResource.runInAsyncScope (node:async_hooks:203:9)
    at invokeCallback (/root/rayen/grant_solana/demo/node_modules/raw-body/index.js:231:16)
    at done (/root/rayen/grant_solana/demo/node_modules/raw-body/index.js:220:7)
    at IncomingMessage.onEnd (/root/rayen/grant_solana/demo/node_modules/raw-body/index.js:280:7)
    at IncomingMessage.emit (node:events:514:28)
    at endReadableNT (node:internal/streams/readable:1359:12)

Compiled

3XqiS5o7utd8j9epcg9Hzgx5qL9a1g7XfVNFxZh9NUHUJb1XCSan2KtuqRA7EqdnMww3HMbg6FWoFRf1g64ytciR
deploy

Transaction confirmed with signature
NanoScript account created and script uploaded successfully
SyntaxError: Unexpected token c in JSON at position 0
    at JSON.parse (<anonymous>)
    at createStrictSyntaxError (/root/rayen/grant_solana/demo/node_modules/body-parser/lib/types/json.js:160:10)
    at parse (/root/rayen/grant_solana/demo/node_modules/body-parser/lib/types/json.js:83:15)
    at /root/rayen/grant_solana/demo/node_modules/body-parser/lib/read.js:128:18
    at AsyncResource.runInAsyncScope (node:async_hooks:203:9)
    at invokeCallback (/root/rayen/grant_solana/demo/node_modules/raw-body/index.js:231:16)
    at done (/root/rayen/grant_solana/demo/node_modules/raw-body/index.js:220:7)
    at IncomingMessage.onEnd (/root/rayen/grant_solana/demo/node_modules/raw-body/index.js:280:7)
    at IncomingMessage.emit (node:events:514:28)
    at endReadableNT (node:internal/streams/readable:1359:12)

Compiled

3XqiS5o7utd8j9epcg9Hzgx5qL9a1g7XfVNFxZh9NUHUJb1XCSan2KtuqRA7EqdnMww3HMbg6FWoFRf1g64ytciR
deploy

Transaction confirmed with signature
NanoScript account created and script uploaded successfully

Compiled

3XqiS5o7utd8j9epcg9Hzgx5qL9a1g7XfVNFxZh9NUHUJb1XCSan2KtuqRA7EqdnMww3HMbg6FWoFRf1g64ytciR
deploy

Transaction confirmed with signature
NanoScript account created and script uploaded successfully

Compiled

3XqiS5o7utd8j9epcg9Hzgx5qL9a1g7XfVNFxZh9NUHUJb1XCSan2KtuqRA7EqdnMww3HMbg6FWoFRf1g64ytciR

Compiled

3XqiS5o7utd8j9epcg9Hzgx5qL9a1g7XfVNFxZh9NUHUJb1XCSan2KtuqRA7EqdnMww3HMbg6FWoFRf1g64ytciR

Compiled

3XqiS5o7utd8j9epcg9Hzgx5qL9a1g7XfVNFxZh9NUHUJb1XCSan2KtuqRA7EqdnMww3HMbg6FWoFRf1g64ytciR

Compiled

3XqiS5o7utd8j9epcg9Hzgx5qL9a1g7XfVNFxZh9NUHUJb1XCSan2KtuqRA7EqdnMww3HMbg6FWoFRf1g64ytciR
deploy

Transaction confirmed with signature
NanoScript account created and script uploaded successfully

Compiled

3XqiS5o7utd8j9epcg9Hzgx5qL9a1g7XfVNFxZh9NUHUJb1XCSan2KtuqRA7EqdnMww3HMbg6FWoFRf1g64ytciR

Compiled

3XqiS5o7utd8j9epcg9Hzgx5qL9a1g7XfVNFxZh9NUHUJb1XCSan2KtuqRA7EqdnMww3HMbg6FWoFRf1g64ytciR
deploy

Transaction confirmed with signature
NanoScript account created and script uploaded successfully

Compiled

3XqiS5o7utd8j9epcg9Hzgx5qL9a1g7XfVNFxZh9NUHUJb1XCSan2KtuqRA7EqdnMww3HMbg6FWoFRf1g64ytciR
deploy

Transaction confirmed with signature
NanoScript account created and script uploaded successfully

Compiled

3XqiS5o7utd8j9epcg9Hzgx5qL9a1g7XfVNFxZh9NUHUJb1XCSan2KtuqRA7EqdnMww3HMbg6FWoFRf1g64ytciR
deploy

Transaction confirmed with signature
NanoScript account created and script uploaded successfully

Compiled

3XqiS5o7utd8j9epcg9Hzgx5qL9a1g7XfVNFxZh9NUHUJb1XCSan2KtuqRA7EqdnMww3HMbg6FWoFRf1g64ytciR
deploy

Transaction confirmed with signature
NanoScript account created and script uploaded successfully

Compiled

3XqiS5o7utd8j9epcg9Hzgx5qL9a1g7XfVNFxZh9NUHUJb1XCSan2KtuqRA7EqdnMww3HMbg6FWoFRf1g64ytciR
deploy

Transaction confirmed with signature
NanoScript account created and script uploaded successfully

Compiled

3XqiS5o7utd8j9epcg9Hzgx5qL9a1g7XfVNFxZh9NUHUJb1XCSan2KtuqRA7EqdnMww3HMbg6FWoFRf1g64ytciR
deploy

Transaction confirmed with signature
NanoScript account created and script uploaded successfully

Compiled

3XqiS5o7utd8j9epcg9Hzgx5qL9a1g7XfVNFxZh9NUHUJb1XCSan2KtuqRA7EqdnMww3HMbg6FWoFRf1g64ytciR
deploy

Transaction confirmed with signature
NanoScript account created and script uploaded successfully

Compiled

3XqiS5o7utd8j9epcg9Hzgx5qL9a1g7XfVNFxZh9NUHUJb1XCSan2KtuqRA7EqdnMww3HMbg6FWoFRf1g64ytciR
deploy

Transaction confirmed with signature
NanoScript account created and script uploaded successfully

Compiled

3XqiS5o7utd8j9epcg9Hzgx5qL9a1g7XfVNFxZh9NUHUJb1XCSan2KtuqRA7EqdnMww3HMbg6FWoFRf1g64ytciR
deploy

Transaction confirmed with signature
NanoScript account created and script uploaded successfully

Compiled

3XqiS5o7utd8j9epcg9Hzgx5qL9a1g7XfVNFxZh9NUHUJb1XCSan2KtuqRA7EqdnMww3HMbg6FWoFRf1g64ytciR
deploy

Transaction confirmed with signature
NanoScript account created and script uploaded successfully

Compiled

3XqiS5o7utd8j9epcg9Hzgx5qL9a1g7XfVNFxZh9NUHUJb1XCSan2KtuqRA7EqdnMww3HMbg6FWoFRf1g64ytciR
deploy

Transaction confirmed with signature
NanoScript account created and script uploaded successfully

Compiled

3XqiS5o7utd8j9epcg9Hzgx5qL9a1g7XfVNFxZh9NUHUJb1XCSan2KtuqRA7EqdnMww3HMbg6FWoFRf1g64ytciR
deploy

Transaction confirmed with signature
NanoScript account created and script uploaded successfully

Compiled

3XqiS5o7utd8j9epcg9Hzgx5qL9a1g7XfVNFxZh9NUHUJb1XCSan2KtuqRA7EqdnMww3HMbg6FWoFRf1g64ytciR
deploy

Transaction confirmed with signature
NanoScript account created and script uploaded successfully

Compiled

3XqiS5o7utd8j9epcg9Hzgx5qL9a1g7XfVNFxZh9NUHUJb1XCSan2KtuqRA7EqdnMww3HMbg6FWoFRf1g64ytciR
deploy

Transaction confirmed with signature
NanoScript account created and script uploaded successfully

Compiled

3XqiS5o7utd8j9epcg9Hzgx5qL9a1g7XfVNFxZh9NUHUJb1XCSan2KtuqRA7EqdnMww3HMbg6FWoFRf1g64ytciR
deploy

Transaction confirmed with signature
NanoScript account created and script uploaded successfully
